# JRE version: OpenJDK Runtime Environment (11.0.8+10) (build 11.0.8+10-b944.6842174)
# Java VM: OpenJDK 64-Bit Server VM (11.0.8+10-b944.6842174, mixed mode, tiered, compressed oops, g1 gc, windows-amd64)
Heap:
 garbage-first heap   total 262144K, used 88434K [0x0000000701400000, 0x0000000800000000)
  region size 1024K, 63 young (64512K), 3 survivors (3072K)
 Metaspace       used 44698K, capacity 45177K, committed 45340K, reserved 1089536K
  class space    used 5215K, capacity 5433K, committed 5452K, reserved 1048576K
GC Heap History (10 events):
Event: 0.639 GC heap before
{Heap before GC invocations=0 (full 0):
 garbage-first heap   total 262144K, used 27648K [0x0000000701400000, 0x0000000800000000)
  region size 1024K, 24 young (24576K), 0 survivors (0K)
 Metaspace       used 12369K, capacity 12524K, committed 12800K, reserved 1060864K
  class space    used 1158K, capacity 1215K, committed 1280K, reserved 1048576K
}
Event: 0.642 GC heap after
{Heap after GC invocations=1 (full 0):
 garbage-first heap   total 262144K, used 5685K [0x0000000701400000, 0x0000000800000000)
  region size 1024K, 3 young (3072K), 3 survivors (3072K)
 Metaspace       used 12369K, capacity 12524K, committed 12800K, reserved 1060864K
  class space    used 1158K, capacity 1215K, committed 1280K, reserved 1048576K
}
Event: 1.328 GC heap before
{Heap before GC invocations=1 (full 0):
 garbage-first heap   total 262144K, used 42549K [0x0000000701400000, 0x0000000800000000)
  region size 1024K, 40 young (40960K), 3 survivors (3072K)
 Metaspace       used 20986K, capacity 21195K, committed 21248K, reserved 1069056K
  class space    used 2220K, capacity 2299K, committed 2304K, reserved 1048576K
}
Event: 1.340 GC heap after
{Heap after GC invocations=2 (full 0):
 garbage-first heap   total 262144K, used 9645K [0x0000000701400000, 0x0000000800000000)
  region size 1024K, 7 young (7168K), 7 survivors (7168K)
 Metaspace       used 20986K, capacity 21195K, committed 21248K, reserved 1069056K
  class space    used 2220K, capacity 2299K, committed 2304K, reserved 1048576K
}
Event: 2.303 GC heap before
{Heap before GC invocations=3 (full 0):
 garbage-first heap   total 262144K, used 73133K [0x0000000701400000, 0x0000000800000000)
  region size 1024K, 57 young (58368K), 7 survivors (7168K)
 Metaspace       used 30664K, capacity 31112K, committed 31228K, reserved 1077248K
  class space    used 3610K, capacity 3804K, committed 3840K, reserved 1048576K
}
Event: 2.318 GC heap after
{Heap after GC invocations=4 (full 0):
 garbage-first heap   total 262144K, used 23861K [0x0000000701400000, 0x0000000800000000)
  region size 1024K, 8 young (8192K), 8 survivors (8192K)
 Metaspace       used 30664K, capacity 31112K, committed 31228K, reserved 1077248K
  class space    used 3610K, capacity 3804K, committed 3840K, reserved 1048576K
}
Event: 2.522 GC heap before
{Heap before GC invocations=4 (full 0):
 garbage-first heap   total 262144K, used 36149K [0x0000000701400000, 0x0000000800000000)
  region size 1024K, 20 young (20480K), 8 survivors (8192K)
 Metaspace       used 33354K, capacity 33779K, committed 34044K, reserved 1079296K
  class space    used 3927K, capacity 4096K, committed 4096K, reserved 1048576K
}
Event: 2.531 GC heap after
{Heap after GC invocations=5 (full 0):
 garbage-first heap   total 262144K, used 25875K [0x0000000701400000, 0x0000000800000000)
  region size 1024K, 2 young (2048K), 2 survivors (2048K)
 Metaspace       used 33354K, capacity 33779K, committed 34044K, reserved 1079296K
  class space    used 3927K, capacity 4096K, committed 4096K, reserved 1048576K
}
Event: 2.726 GC heap before
{Heap before GC invocations=5 (full 0):
 garbage-first heap   total 262144K, used 38163K [0x0000000701400000, 0x0000000800000000)
  region size 1024K, 15 young (15360K), 2 survivors (2048K)
 Metaspace       used 35516K, capacity 35947K, committed 36048K, reserved 1081344K
  class space    used 4155K, capacity 4326K, committed 4352K, reserved 1048576K
}
Event: 2.729 GC heap after
{Heap after GC invocations=6 (full 0):
 garbage-first heap   total 262144K, used 24946K [0x0000000701400000, 0x0000000800000000)
  region size 1024K, 3 young (3072K), 3 survivors (3072K)
 Metaspace       used 35516K, capacity 35947K, committed 36048K, reserved 1081344K
  class space    used 4155K, capacity 4326K, committed 4352K, reserved 1048576K
}

